[debug] [2019-11-21T00:54:59.274Z] ----------------------------------------------------------------------
[debug] [2019-11-21T00:54:59.276Z] Command:       /Users/romain/.nvm/versions/node/v12.13.0/bin/node /Users/romain/.nvm/versions/node/v12.13.0/bin/firebase deploy
[debug] [2019-11-21T00:54:59.276Z] CLI Version:   7.8.0
[debug] [2019-11-21T00:54:59.276Z] Platform:      darwin
[debug] [2019-11-21T00:54:59.276Z] Node Version:  v12.13.0
[debug] [2019-11-21T00:54:59.277Z] Time:          Thu Nov 21 2019 01:54:59 GMT+0100 (Central European Standard Time)
[debug] [2019-11-21T00:54:59.277Z] ----------------------------------------------------------------------
[debug] [2019-11-21T00:54:59.277Z] 
[debug] [2019-11-21T00:54:59.287Z] > command requires scopes: ["email","openid","https://www.googleapis.com/auth/cloudplatformprojects.readonly","https://www.googleapis.com/auth/firebase","https://www.googleapis.com/auth/cloud-platform"]
[debug] [2019-11-21T00:54:59.287Z] > authorizing via signed-in user
[debug] [2019-11-21T00:54:59.287Z] [iam] checking project hememe-0000 for permissions ["datastore.indexes.create","datastore.indexes.delete","datastore.indexes.list","datastore.indexes.update","firebase.projects.get","firebasehosting.sites.update"]
[debug] [2019-11-21T00:54:59.288Z] >>> HTTP REQUEST POST https://cloudresourcemanager.googleapis.com/v1/projects/hememe-0000:testIamPermissions  

[debug] [2019-11-21T00:55:00.081Z] <<< HTTP RESPONSE 200
[debug] [2019-11-21T00:55:00.083Z] >>> HTTP REQUEST GET https://firebase.googleapis.com/v1beta1/projects/hememe-0000  
 
[debug] [2019-11-21T00:55:00.257Z] <<< HTTP RESPONSE 200
[info] 
[info] === Deploying to 'hememe-0000'...
[info] 
[info] i  deploying firestore, hosting
[info] i  cloud.firestore: checking firestore.rules for compilation errors...
[debug] [2019-11-21T00:55:00.266Z] >>> HTTP REQUEST POST https://firebaserules.googleapis.com/v1/projects/hememe-0000:test  

[debug] [2019-11-21T00:55:01.000Z] <<< HTTP RESPONSE 200
[info] ✔  cloud.firestore: rules file firestore.rules compiled successfully
[debug] [2019-11-21T00:55:01.002Z] >>> HTTP REQUEST POST https://firebasehosting.googleapis.com/v1beta1/sites/hememe-0000/versions  

[debug] [2019-11-21T00:55:02.433Z] <<< HTTP RESPONSE 200
[debug] [2019-11-21T00:55:02.435Z] No Firestore indexes present.
[debug] [2019-11-21T00:55:02.435Z] >>> HTTP REQUEST GET https://firebaserules.googleapis.com/v1/projects/hememe-0000/releases?pageSize=10&pageToken=  
 
[debug] [2019-11-21T00:55:03.252Z] <<< HTTP RESPONSE 200
[debug] [2019-11-21T00:55:03.253Z] >>> HTTP REQUEST GET https://firebaserules.googleapis.com/v1/projects/hememe-0000/rulesets/43e0d25b-07ab-443f-b55f-c1ebc78650f4  
 
[debug] [2019-11-21T00:55:04.072Z] <<< HTTP RESPONSE 200
[info] i  firestore: latest version of firestore.rules already up to date, skipping upload...
[info] i  hosting[hememe-0000]: beginning deploy...
[info] i  hosting[hememe-0000]: found 25 files in build
[debug] [2019-11-21T00:55:04.798Z] [hosting] hash cache [YnVpbGQ] stored for 25 files
[debug] [2019-11-21T00:55:04.798Z] [hosting][hash queue][FINAL]
[debug] [2019-11-21T00:55:04.798Z] >>> HTTP REQUEST POST https://firebasehosting.googleapis.com/v1beta1/sites/hememe-0000/versions/63532af00cb300e0:populateFiles  
 <request body omitted>
[debug] [2019-11-21T00:55:06.119Z] <<< HTTP RESPONSE 200
[debug] [2019-11-21T00:55:06.129Z] [hosting][populate queue][FINAL]
[debug] [2019-11-21T00:55:06.129Z] [hosting] uploads queued: 6
[debug] [2019-11-21T00:55:08.637Z] [hosting][upload queue][FINAL]
[info] ✔  hosting[hememe-0000]: file upload complete
[debug] [2019-11-21T00:55:08.638Z] [hosting] deploy completed after 4564ms
[debug] [2019-11-21T00:55:08.675Z] [rules] releasing cloud.firestore with ruleset projects/hememe-0000/rulesets/43e0d25b-07ab-443f-b55f-c1ebc78650f4
[debug] [2019-11-21T00:55:08.676Z] >>> HTTP REQUEST PATCH https://firebaserules.googleapis.com/v1/projects/hememe-0000/releases/cloud.firestore  

